<?xml version="1.0" encoding="UTF-8"?>
<testng-results ignored="0" total="2" passed="2" failed="0" skipped="0">
  <reporter-output>
  </reporter-output>
  <suite started-at="2025-08-17T15:02:11 IST" name="Default suite" finished-at="2025-08-17T15:02:45 IST" duration-ms="33890">
    <groups>
    </groups>
    <test started-at="2025-08-17T15:02:11 IST" name="Default test" finished-at="2025-08-17T15:02:45 IST" duration-ms="33890">
      <class name="Selenium_Automate.Selenium_Project.AppTest">
        <test-method is-config="true" signature="openBrowser()[pri:0, instance:Selenium_Automate.Selenium_Project.AppTest@550dbc7a]" started-at="2025-08-17T15:02:11 IST" name="openBrowser" finished-at="2025-08-17T15:02:23 IST" duration-ms="12069" status="PASS">
          <reporter-output>
          </reporter-output>
        </test-method> <!-- openBrowser -->
        <test-method signature="searchProduct()[pri:1, instance:Selenium_Automate.Selenium_Project.AppTest@550dbc7a]" started-at="2025-08-17T15:02:23 IST" name="searchProduct" finished-at="2025-08-17T15:02:29 IST" duration-ms="5525" status="PASS">
          <reporter-output>
          </reporter-output>
        </test-method> <!-- searchProduct -->
        <test-method is-config="true" signature="closeBrowser()[pri:0, instance:Selenium_Automate.Selenium_Project.AppTest@550dbc7a]" started-at="2025-08-17T15:02:29 IST" name="closeBrowser" finished-at="2025-08-17T15:02:29 IST" duration-ms="229" status="PASS">
          <reporter-output>
          </reporter-output>
        </test-method> <!-- closeBrowser -->
        <test-method is-config="true" signature="openBrowser()[pri:0, instance:Selenium_Automate.Selenium_Project.AppTest@550dbc7a]" started-at="2025-08-17T15:02:29 IST" name="openBrowser" finished-at="2025-08-17T15:02:37 IST" duration-ms="8364" status="PASS">
          <reporter-output>
          </reporter-output>
        </test-method> <!-- openBrowser -->
        <test-method signature="buyProduct()[pri:2, instance:Selenium_Automate.Selenium_Project.AppTest@550dbc7a]" started-at="2025-08-17T15:02:37 IST" name="buyProduct" finished-at="2025-08-17T15:02:45 IST" duration-ms="7402" status="PASS">
          <reporter-output>
          </reporter-output>
        </test-method> <!-- buyProduct -->
        <test-method is-config="true" signature="closeBrowser()[pri:0, instance:Selenium_Automate.Selenium_Project.AppTest@550dbc7a]" started-at="2025-08-17T15:02:45 IST" name="closeBrowser" finished-at="2025-08-17T15:02:45 IST" duration-ms="240" status="PASS">
          <reporter-output>
          </reporter-output>
        </test-method> <!-- closeBrowser -->
      </class> <!-- Selenium_Automate.Selenium_Project.AppTest -->
    </test> <!-- Default test -->
  </suite> <!-- Default suite -->
</testng-results>
